<?xml version="1.0" encoding="UTF-8"?>
<testsuite xmlns:xsi="http://www.w3.org/2001/XMLSchema-instance" xsi:noNamespaceSchemaLocation="https://maven.apache.org/surefire/maven-surefire-plugin/xsd/surefire-test-report.xsd" version="3.0.2" name="sec06.Lec01UnaryBlockingClientTest" time="1.098" tests="2" errors="0" skipped="0" failures="0">
  <properties>
    <property name="java.specification.version" value="17"/>
    <property name="sun.jnu.encoding" value="UTF-8"/>
    <property name="java.class.path" value="/media/john/Nuevo vol/IdeaProjects/grpc/grpc-playground/target/test-classes:/media/john/Nuevo vol/IdeaProjects/grpc/grpc-playground/target/classes:/home/john/.m2/repository/io/grpc/grpc-netty-shaded/1.65.0/grpc-netty-shaded-1.65.0.jar:/home/john/.m2/repository/io/grpc/grpc-util/1.65.0/grpc-util-1.65.0.jar:/home/john/.m2/repository/org/codehaus/mojo/animal-sniffer-annotations/1.23/animal-sniffer-annotations-1.23.jar:/home/john/.m2/repository/io/grpc/grpc-core/1.65.0/grpc-core-1.65.0.jar:/home/john/.m2/repository/com/google/code/gson/gson/2.10.1/gson-2.10.1.jar:/home/john/.m2/repository/com/google/android/annotations/4.1.1.4/annotations-4.1.1.4.jar:/home/john/.m2/repository/io/grpc/grpc-context/1.65.0/grpc-context-1.65.0.jar:/home/john/.m2/repository/com/google/guava/guava/32.1.3-android/guava-32.1.3-android.jar:/home/john/.m2/repository/com/google/guava/failureaccess/1.0.1/failureaccess-1.0.1.jar:/home/john/.m2/repository/com/google/guava/listenablefuture/9999.0-empty-to-avoid-conflict-with-guava/listenablefuture-9999.0-empty-to-avoid-conflict-with-guava.jar:/home/john/.m2/repository/org/checkerframework/checker-qual/3.37.0/checker-qual-3.37.0.jar:/home/john/.m2/repository/com/google/j2objc/j2objc-annotations/2.8/j2objc-annotations-2.8.jar:/home/john/.m2/repository/com/google/errorprone/error_prone_annotations/2.23.0/error_prone_annotations-2.23.0.jar:/home/john/.m2/repository/io/perfmark/perfmark-api/0.26.0/perfmark-api-0.26.0.jar:/home/john/.m2/repository/io/grpc/grpc-api/1.65.0/grpc-api-1.65.0.jar:/home/john/.m2/repository/io/grpc/grpc-protobuf/1.65.0/grpc-protobuf-1.65.0.jar:/home/john/.m2/repository/com/google/code/findbugs/jsr305/3.0.2/jsr305-3.0.2.jar:/home/john/.m2/repository/com/google/protobuf/protobuf-java/3.25.1/protobuf-java-3.25.1.jar:/home/john/.m2/repository/com/google/api/grpc/proto-google-common-protos/2.29.0/proto-google-common-protos-2.29.0.jar:/home/john/.m2/repository/io/grpc/grpc-protobuf-lite/1.65.0/grpc-protobuf-lite-1.65.0.jar:/home/john/.m2/repository/io/grpc/grpc-stub/1.65.0/grpc-stub-1.65.0.jar:/home/john/.m2/repository/org/apache/tomcat/annotations-api/6.0.53/annotations-api-6.0.53.jar:/home/john/.m2/repository/ch/qos/logback/logback-classic/1.5.6/logback-classic-1.5.6.jar:/home/john/.m2/repository/ch/qos/logback/logback-core/1.5.6/logback-core-1.5.6.jar:/home/john/.m2/repository/org/slf4j/slf4j-api/2.0.13/slf4j-api-2.0.13.jar:/home/john/.m2/repository/com/fasterxml/jackson/core/jackson-databind/2.17.2/jackson-databind-2.17.2.jar:/home/john/.m2/repository/com/fasterxml/jackson/core/jackson-annotations/2.17.2/jackson-annotations-2.17.2.jar:/home/john/.m2/repository/com/fasterxml/jackson/core/jackson-core/2.17.2/jackson-core-2.17.2.jar:/home/john/.m2/repository/org/junit/jupiter/junit-jupiter-engine/5.10.3/junit-jupiter-engine-5.10.3.jar:/home/john/.m2/repository/org/junit/platform/junit-platform-engine/1.10.3/junit-platform-engine-1.10.3.jar:/home/john/.m2/repository/org/opentest4j/opentest4j/1.3.0/opentest4j-1.3.0.jar:/home/john/.m2/repository/org/junit/platform/junit-platform-commons/1.10.3/junit-platform-commons-1.10.3.jar:/home/john/.m2/repository/org/junit/jupiter/junit-jupiter-api/5.10.3/junit-jupiter-api-5.10.3.jar:/home/john/.m2/repository/org/apiguardian/apiguardian-api/1.1.2/apiguardian-api-1.1.2.jar:/home/john/.m2/repository/org/junit/jupiter/junit-jupiter-params/5.10.3/junit-jupiter-params-5.10.3.jar:"/>
    <property name="java.vm.vendor" value="Microsoft"/>
    <property name="sun.arch.data.model" value="64"/>
    <property name="java.vendor.url" value="https://www.microsoft.com"/>
    <property name="user.timezone" value="America/Bogota"/>
    <property name="os.name" value="Linux"/>
    <property name="java.vm.specification.version" value="17"/>
    <property name="sun.java.launcher" value="SUN_STANDARD"/>
    <property name="user.country" value="ES"/>
    <property name="sun.boot.library.path" value="/home/john/.jdks/ms-17.0.15/lib"/>
    <property name="sun.java.command" value="/media/john/Nuevo vol/IdeaProjects/grpc/grpc-playground/target/surefire/surefirebooter-20250711001013983_3.jar /media/john/Nuevo vol/IdeaProjects/grpc/grpc-playground/target/surefire 2025-07-11T00-10-13_682-jvmRun1 surefire-20250711001013983_1tmp surefire_0-20250711001013983_2tmp"/>
    <property name="jdk.debug" value="release"/>
    <property name="surefire.test.class.path" value="/media/john/Nuevo vol/IdeaProjects/grpc/grpc-playground/target/test-classes:/media/john/Nuevo vol/IdeaProjects/grpc/grpc-playground/target/classes:/home/john/.m2/repository/io/grpc/grpc-netty-shaded/1.65.0/grpc-netty-shaded-1.65.0.jar:/home/john/.m2/repository/io/grpc/grpc-util/1.65.0/grpc-util-1.65.0.jar:/home/john/.m2/repository/org/codehaus/mojo/animal-sniffer-annotations/1.23/animal-sniffer-annotations-1.23.jar:/home/john/.m2/repository/io/grpc/grpc-core/1.65.0/grpc-core-1.65.0.jar:/home/john/.m2/repository/com/google/code/gson/gson/2.10.1/gson-2.10.1.jar:/home/john/.m2/repository/com/google/android/annotations/4.1.1.4/annotations-4.1.1.4.jar:/home/john/.m2/repository/io/grpc/grpc-context/1.65.0/grpc-context-1.65.0.jar:/home/john/.m2/repository/com/google/guava/guava/32.1.3-android/guava-32.1.3-android.jar:/home/john/.m2/repository/com/google/guava/failureaccess/1.0.1/failureaccess-1.0.1.jar:/home/john/.m2/repository/com/google/guava/listenablefuture/9999.0-empty-to-avoid-conflict-with-guava/listenablefuture-9999.0-empty-to-avoid-conflict-with-guava.jar:/home/john/.m2/repository/org/checkerframework/checker-qual/3.37.0/checker-qual-3.37.0.jar:/home/john/.m2/repository/com/google/j2objc/j2objc-annotations/2.8/j2objc-annotations-2.8.jar:/home/john/.m2/repository/com/google/errorprone/error_prone_annotations/2.23.0/error_prone_annotations-2.23.0.jar:/home/john/.m2/repository/io/perfmark/perfmark-api/0.26.0/perfmark-api-0.26.0.jar:/home/john/.m2/repository/io/grpc/grpc-api/1.65.0/grpc-api-1.65.0.jar:/home/john/.m2/repository/io/grpc/grpc-protobuf/1.65.0/grpc-protobuf-1.65.0.jar:/home/john/.m2/repository/com/google/code/findbugs/jsr305/3.0.2/jsr305-3.0.2.jar:/home/john/.m2/repository/com/google/protobuf/protobuf-java/3.25.1/protobuf-java-3.25.1.jar:/home/john/.m2/repository/com/google/api/grpc/proto-google-common-protos/2.29.0/proto-google-common-protos-2.29.0.jar:/home/john/.m2/repository/io/grpc/grpc-protobuf-lite/1.65.0/grpc-protobuf-lite-1.65.0.jar:/home/john/.m2/repository/io/grpc/grpc-stub/1.65.0/grpc-stub-1.65.0.jar:/home/john/.m2/repository/org/apache/tomcat/annotations-api/6.0.53/annotations-api-6.0.53.jar:/home/john/.m2/repository/ch/qos/logback/logback-classic/1.5.6/logback-classic-1.5.6.jar:/home/john/.m2/repository/ch/qos/logback/logback-core/1.5.6/logback-core-1.5.6.jar:/home/john/.m2/repository/org/slf4j/slf4j-api/2.0.13/slf4j-api-2.0.13.jar:/home/john/.m2/repository/com/fasterxml/jackson/core/jackson-databind/2.17.2/jackson-databind-2.17.2.jar:/home/john/.m2/repository/com/fasterxml/jackson/core/jackson-annotations/2.17.2/jackson-annotations-2.17.2.jar:/home/john/.m2/repository/com/fasterxml/jackson/core/jackson-core/2.17.2/jackson-core-2.17.2.jar:/home/john/.m2/repository/org/junit/jupiter/junit-jupiter-engine/5.10.3/junit-jupiter-engine-5.10.3.jar:/home/john/.m2/repository/org/junit/platform/junit-platform-engine/1.10.3/junit-platform-engine-1.10.3.jar:/home/john/.m2/repository/org/opentest4j/opentest4j/1.3.0/opentest4j-1.3.0.jar:/home/john/.m2/repository/org/junit/platform/junit-platform-commons/1.10.3/junit-platform-commons-1.10.3.jar:/home/john/.m2/repository/org/junit/jupiter/junit-jupiter-api/5.10.3/junit-jupiter-api-5.10.3.jar:/home/john/.m2/repository/org/apiguardian/apiguardian-api/1.1.2/apiguardian-api-1.1.2.jar:/home/john/.m2/repository/org/junit/jupiter/junit-jupiter-params/5.10.3/junit-jupiter-params-5.10.3.jar:"/>
    <property name="sun.cpu.endian" value="little"/>
    <property name="user.home" value="/home/john"/>
    <property name="user.language" value="es"/>
    <property name="java.specification.vendor" value="Oracle Corporation"/>
    <property name="java.version.date" value="2025-04-15"/>
    <property name="java.home" value="/home/john/.jdks/ms-17.0.15"/>
    <property name="file.separator" value="/"/>
    <property name="basedir" value="/media/john/Nuevo vol/IdeaProjects/grpc/grpc-playground"/>
    <property name="java.vm.compressedOopsMode" value="Zero based"/>
    <property name="line.separator" value="&#10;"/>
    <property name="java.specification.name" value="Java Platform API Specification"/>
    <property name="java.vm.specification.vendor" value="Oracle Corporation"/>
    <property name="surefire.real.class.path" value="/media/john/Nuevo vol/IdeaProjects/grpc/grpc-playground/target/surefire/surefirebooter-20250711001013983_3.jar"/>
    <property name="sun.management.compiler" value="HotSpot 64-Bit Tiered Compilers"/>
    <property name="java.runtime.version" value="17.0.15+6-LTS"/>
    <property name="user.name" value="john"/>
    <property name="path.separator" value=":"/>
    <property name="os.version" value="6.11.0-29-generic"/>
    <property name="java.runtime.name" value="OpenJDK Runtime Environment"/>
    <property name="file.encoding" value="UTF-8"/>
    <property name="java.vm.name" value="OpenJDK 64-Bit Server VM"/>
    <property name="java.vendor.version" value="Microsoft-11369869"/>
    <property name="localRepository" value="/home/john/.m2/repository"/>
    <property name="java.vendor.url.bug" value="https://github.com/microsoft/openjdk/issues"/>
    <property name="java.io.tmpdir" value="/tmp"/>
    <property name="idea.version" value="2025.1.2"/>
    <property name="java.version" value="17.0.15"/>
    <property name="user.dir" value="/media/john/Nuevo vol/IdeaProjects/grpc/grpc-playground"/>
    <property name="os.arch" value="amd64"/>
    <property name="java.vm.specification.name" value="Java Virtual Machine Specification"/>
    <property name="native.encoding" value="UTF-8"/>
    <property name="java.library.path" value="/usr/java/packages/lib:/usr/lib64:/lib64:/lib:/usr/lib"/>
    <property name="java.vm.info" value="mixed mode, sharing"/>
    <property name="java.vendor" value="Microsoft"/>
    <property name="java.vm.version" value="17.0.15+6-LTS"/>
    <property name="java.specification.maintenance.version" value="1"/>
    <property name="sun.io.unicode.encoding" value="UnicodeLittle"/>
    <property name="java.class.version" value="61.0"/>
  </properties>
  <testcase name="getBalanceTest" classname="sec06.Lec01UnaryBlockingClientTest" time="0.394">
    <system-out><![CDATA[00:10:15.184 DEBUG [           main] &amp#27;[36m.n.u.i.l.InternalLoggerFactory&amp#27;[0;39m : Using SLF4J as the default logging framework
00:10:15.189 DEBUG [           main] &amp#27;[36mn.s.i.n.u.i.PlatformDependent0&amp#27;[0;39m : -Dio.netty.noUnsafe: false
00:10:15.190 DEBUG [           main] &amp#27;[36mn.s.i.n.u.i.PlatformDependent0&amp#27;[0;39m : Java version: 17
00:10:15.191 DEBUG [           main] &amp#27;[36mn.s.i.n.u.i.PlatformDependent0&amp#27;[0;39m : sun.misc.Unsafe.theUnsafe: available
00:10:15.192 DEBUG [           main] &amp#27;[36mn.s.i.n.u.i.PlatformDependent0&amp#27;[0;39m : sun.misc.Unsafe.copyMemory: available
00:10:15.192 DEBUG [           main] &amp#27;[36mn.s.i.n.u.i.PlatformDependent0&amp#27;[0;39m : sun.misc.Unsafe.storeFence: available
00:10:15.193 DEBUG [           main] &amp#27;[36mn.s.i.n.u.i.PlatformDependent0&amp#27;[0;39m : java.nio.Buffer.address: available
00:10:15.193 DEBUG [           main] &amp#27;[36mn.s.i.n.u.i.PlatformDependent0&amp#27;[0;39m : direct buffer constructor: unavailable: Reflective setAccessible(true) disabled
00:10:15.194 DEBUG [           main] &amp#27;[36mn.s.i.n.u.i.PlatformDependent0&amp#27;[0;39m : java.nio.Bits.unaligned: available, true
00:10:15.195 DEBUG [           main] &amp#27;[36mn.s.i.n.u.i.PlatformDependent0&amp#27;[0;39m : jdk.internal.misc.Unsafe.allocateUninitializedArray(int): unavailable: class io.grpc.netty.shaded.io.netty.util.internal.PlatformDependent0$7 cannot access class jdk.internal.misc.Unsafe (in module java.base) because module java.base does not export jdk.internal.misc to unnamed module @3a7f4567
00:10:15.196 DEBUG [           main] &amp#27;[36mn.s.i.n.u.i.PlatformDependent0&amp#27;[0;39m : java.nio.DirectByteBuffer.<init>(long, {int,long}): unavailable
00:10:15.196 DEBUG [           main] &amp#27;[36m.n.s.i.n.u.i.PlatformDependent&amp#27;[0;39m : sun.misc.Unsafe: available
00:10:15.196 DEBUG [           main] &amp#27;[36m.n.s.i.n.u.i.PlatformDependent&amp#27;[0;39m : -Dio.netty.tmpdir: /tmp (java.io.tmpdir)
00:10:15.196 DEBUG [           main] &amp#27;[36m.n.s.i.n.u.i.PlatformDependent&amp#27;[0;39m : -Dio.netty.bitMode: 64 (sun.arch.data.model)
00:10:15.197 DEBUG [           main] &amp#27;[36m.n.s.i.n.u.i.PlatformDependent&amp#27;[0;39m : -Dio.netty.maxDirectMemory: -1 bytes
00:10:15.197 DEBUG [           main] &amp#27;[36m.n.s.i.n.u.i.PlatformDependent&amp#27;[0;39m : -Dio.netty.uninitializedArrayAllocationThreshold: -1
00:10:15.198 DEBUG [           main] &amp#27;[36mi.g.n.s.i.n.u.i.CleanerJava9  &amp#27;[0;39m : java.nio.ByteBuffer.cleaner(): available
00:10:15.198 DEBUG [           main] &amp#27;[36m.n.s.i.n.u.i.PlatformDependent&amp#27;[0;39m : -Dio.netty.noPreferDirect: false
00:10:15.237 DEBUG [           main] &amp#27;[36m.s.i.n.u.i.NativeLibraryLoader&amp#27;[0;39m : -Dio.netty.native.workdir: /tmp (io.netty.tmpdir)
00:10:15.237 DEBUG [           main] &amp#27;[36m.s.i.n.u.i.NativeLibraryLoader&amp#27;[0;39m : -Dio.netty.native.deleteLibAfterLoading: true
00:10:15.237 DEBUG [           main] &amp#27;[36m.s.i.n.u.i.NativeLibraryLoader&amp#27;[0;39m : -Dio.netty.native.tryPatchShadedId: true
00:10:15.237 DEBUG [           main] &amp#27;[36m.s.i.n.u.i.NativeLibraryLoader&amp#27;[0;39m : -Dio.netty.native.detectNativeLibraryDuplicates: true
00:10:15.273 DEBUG [           main] &amp#27;[36m.s.i.n.u.i.NativeLibraryLoader&amp#27;[0;39m : Successfully loaded the library /tmp/libio_grpc_netty_shaded_netty_transport_native_epoll_x86_642752340835766111767.so
00:10:15.277 DEBUG [           main] &amp#27;[36mi.g.n.s.io.netty.util.NetUtil &amp#27;[0;39m : -Djava.net.preferIPv4Stack: false
00:10:15.277 DEBUG [           main] &amp#27;[36mi.g.n.s.io.netty.util.NetUtil &amp#27;[0;39m : -Djava.net.preferIPv6Addresses: false
00:10:15.278 DEBUG [           main] &amp#27;[36ms.i.n.u.NetUtilInitializations&amp#27;[0;39m : Loopback interface: lo (lo, 0:0:0:0:0:0:0:1%lo)
00:10:15.279 DEBUG [           main] &amp#27;[36mi.g.n.s.io.netty.util.NetUtil &amp#27;[0;39m : /proc/sys/net/core/somaxconn: 4096
00:10:15.298 DEBUG [           main] &amp#27;[36m.n.c.MultithreadEventLoopGroup&amp#27;[0;39m : -Dio.netty.eventLoopThreads: 16
00:10:15.348 DEBUG [           main] &amp#27;[36m.s.i.n.u.c.GlobalEventExecutor&amp#27;[0;39m : -Dio.netty.globalEventExecutor.quietPeriodSeconds: 1
00:10:15.352 DEBUG [           main] &amp#27;[36mi.n.u.i.InternalThreadLocalMap&amp#27;[0;39m : -Dio.netty.threadLocalMap.stringBuilder.initialSize: 1024
00:10:15.352 DEBUG [           main] &amp#27;[36mi.n.u.i.InternalThreadLocalMap&amp#27;[0;39m : -Dio.netty.threadLocalMap.stringBuilder.maxSize: 4096
00:10:15.362 DEBUG [           main] &amp#27;[36m.n.s.i.n.u.i.PlatformDependent&amp#27;[0;39m : org.jctools-core.MpscChunkedArrayQueue: available
00:10:15.499 DEBUG [           main] &amp#27;[36mn.s.i.n.u.ResourceLeakDetector&amp#27;[0;39m : -Dio.grpc.netty.shaded.io.netty.leakDetection.level: simple
00:10:15.500 DEBUG [           main] &amp#27;[36mn.s.i.n.u.ResourceLeakDetector&amp#27;[0;39m : -Dio.grpc.netty.shaded.io.netty.leakDetection.targetRecords: 4
00:10:15.502 DEBUG [           main] &amp#27;[36ms.i.n.b.PooledByteBufAllocator&amp#27;[0;39m : -Dio.netty.allocator.numHeapArenas: 16
00:10:15.502 DEBUG [           main] &amp#27;[36ms.i.n.b.PooledByteBufAllocator&amp#27;[0;39m : -Dio.netty.allocator.numDirectArenas: 16
00:10:15.502 DEBUG [           main] &amp#27;[36ms.i.n.b.PooledByteBufAllocator&amp#27;[0;39m : -Dio.netty.allocator.pageSize: 8192
00:10:15.503 DEBUG [           main] &amp#27;[36ms.i.n.b.PooledByteBufAllocator&amp#27;[0;39m : -Dio.netty.allocator.maxOrder: 9
00:10:15.503 DEBUG [           main] &amp#27;[36ms.i.n.b.PooledByteBufAllocator&amp#27;[0;39m : -Dio.netty.allocator.chunkSize: 4194304
00:10:15.503 DEBUG [           main] &amp#27;[36ms.i.n.b.PooledByteBufAllocator&amp#27;[0;39m : -Dio.netty.allocator.smallCacheSize: 256
00:10:15.503 DEBUG [           main] &amp#27;[36ms.i.n.b.PooledByteBufAllocator&amp#27;[0;39m : -Dio.netty.allocator.normalCacheSize: 64
00:10:15.503 DEBUG [           main] &amp#27;[36ms.i.n.b.PooledByteBufAllocator&amp#27;[0;39m : -Dio.netty.allocator.maxCachedBufferCapacity: 32768
00:10:15.503 DEBUG [           main] &amp#27;[36ms.i.n.b.PooledByteBufAllocator&amp#27;[0;39m : -Dio.netty.allocator.cacheTrimInterval: 8192
00:10:15.503 DEBUG [           main] &amp#27;[36ms.i.n.b.PooledByteBufAllocator&amp#27;[0;39m : -Dio.netty.allocator.cacheTrimIntervalMillis: 0
00:10:15.504 DEBUG [           main] &amp#27;[36ms.i.n.b.PooledByteBufAllocator&amp#27;[0;39m : -Dio.netty.allocator.useCacheForAllThreads: false
00:10:15.504 DEBUG [           main] &amp#27;[36ms.i.n.b.PooledByteBufAllocator&amp#27;[0;39m : -Dio.netty.allocator.maxCachedByteBuffersPerChunk: 1023
00:10:15.538 DEBUG [lt-boss-ELG-1-1] &amp#27;[36mi.g.n.s.i.n.c.DefaultChannelId&amp#27;[0;39m : -Dio.netty.processId: 9689 (auto-detected)
00:10:15.541 DEBUG [lt-boss-ELG-1-1] &amp#27;[36mi.g.n.s.i.n.c.DefaultChannelId&amp#27;[0;39m : -Dio.netty.machineId: 3c:6a:a7:ff:fe:7e:59:2d (auto-detected)
00:10:15.571 DEBUG [lt-boss-ELG-1-1] &amp#27;[36mi.g.n.s.i.n.buffer.ByteBufUtil&amp#27;[0;39m : -Dio.netty.allocator.type: pooled
00:10:15.571 DEBUG [lt-boss-ELG-1-1] &amp#27;[36mi.g.n.s.i.n.buffer.ByteBufUtil&amp#27;[0;39m : -Dio.netty.threadLocalDirectBufferSize: 0
00:10:15.572 DEBUG [lt-boss-ELG-1-1] &amp#27;[36mi.g.n.s.i.n.buffer.ByteBufUtil&amp#27;[0;39m : -Dio.netty.maxThreadLocalCharBufferSize: 16384
00:10:15.679 DEBUG [ault-executor-0] &amp#27;[36mi.g.n.s.i.n.b.AbstractByteBuf &amp#27;[0;39m : -Dio.grpc.netty.shaded.io.netty.buffer.checkAccessible: true
00:10:15.679 DEBUG [ault-executor-0] &amp#27;[36mi.g.n.s.i.n.b.AbstractByteBuf &amp#27;[0;39m : -Dio.grpc.netty.shaded.io.netty.buffer.checkBounds: true
00:10:15.680 DEBUG [ault-executor-0] &amp#27;[36m.u.ResourceLeakDetectorFactory&amp#27;[0;39m : Loaded default ResourceLeakDetector: io.grpc.netty.shaded.io.netty.util.ResourceLeakDetector@1d2cba34
00:10:15.731 DEBUG [ault-executor-0] &amp#27;[36mi.g.n.s.io.netty.util.Recycler&amp#27;[0;39m : -Dio.netty.recycler.maxCapacityPerThread: 4096
00:10:15.731 DEBUG [ault-executor-0] &amp#27;[36mi.g.n.s.io.netty.util.Recycler&amp#27;[0;39m : -Dio.netty.recycler.ratio: 8
00:10:15.731 DEBUG [ault-executor-0] &amp#27;[36mi.g.n.s.io.netty.util.Recycler&amp#27;[0;39m : -Dio.netty.recycler.chunkSize: 32
00:10:15.731 DEBUG [ault-executor-0] &amp#27;[36mi.g.n.s.io.netty.util.Recycler&amp#27;[0;39m : -Dio.netty.recycler.blocking: false
00:10:15.731 DEBUG [ault-executor-0] &amp#27;[36mi.g.n.s.io.netty.util.Recycler&amp#27;[0;39m : -Dio.netty.recycler.batchFastThreadLocalOnly: true
00:10:15.748 DEBUG [-worker-ELG-3-2] &amp#27;[36mg.n.s.i.g.n.NettyClientHandler&amp#27;[0;39m : [id: 0x4664c579, L:/127.0.0.1:39318 - R:localhost/127.0.0.1:6565] OUTBOUND SETTINGS: ack=false settings={ENABLE_PUSH=0, MAX_CONCURRENT_STREAMS=0, INITIAL_WINDOW_SIZE=1048576, MAX_HEADER_LIST_SIZE=8192}
00:10:15.751 DEBUG [-worker-ELG-3-3] &amp#27;[36mg.n.s.i.g.n.NettyServerHandler&amp#27;[0;39m : [id: 0x21ec5033, L:/127.0.0.1:6565 - R:/127.0.0.1:39318] OUTBOUND SETTINGS: ack=false settings={MAX_CONCURRENT_STREAMS=2147483647, INITIAL_WINDOW_SIZE=1048576, MAX_HEADER_LIST_SIZE=8192}
00:10:15.759 DEBUG [-worker-ELG-3-3] &amp#27;[36mg.n.s.i.g.n.NettyServerHandler&amp#27;[0;39m : [id: 0x21ec5033, L:/127.0.0.1:6565 - R:/127.0.0.1:39318] OUTBOUND WINDOW_UPDATE: streamId=0 windowSizeIncrement=983041
00:10:15.760 DEBUG [-worker-ELG-3-2] &amp#27;[36mg.n.s.i.g.n.NettyClientHandler&amp#27;[0;39m : [id: 0x4664c579, L:/127.0.0.1:39318 - R:localhost/127.0.0.1:6565] OUTBOUND WINDOW_UPDATE: streamId=0 windowSizeIncrement=983041
00:10:15.765 DEBUG [-worker-ELG-3-2] &amp#27;[36mg.n.s.i.g.n.NettyClientHandler&amp#27;[0;39m : [id: 0x4664c579, L:/127.0.0.1:39318 - R:localhost/127.0.0.1:6565] INBOUND SETTINGS: ack=false settings={MAX_CONCURRENT_STREAMS=2147483647, INITIAL_WINDOW_SIZE=1048576, MAX_HEADER_LIST_SIZE=8192}
00:10:15.765 DEBUG [-worker-ELG-3-3] &amp#27;[36mg.n.s.i.g.n.NettyServerHandler&amp#27;[0;39m : [id: 0x21ec5033, L:/127.0.0.1:6565 - R:/127.0.0.1:39318] INBOUND SETTINGS: ack=false settings={ENABLE_PUSH=0, MAX_CONCURRENT_STREAMS=0, INITIAL_WINDOW_SIZE=1048576, MAX_HEADER_LIST_SIZE=8192}
00:10:15.766 DEBUG [-worker-ELG-3-3] &amp#27;[36mg.n.s.i.g.n.NettyServerHandler&amp#27;[0;39m : [id: 0x21ec5033, L:/127.0.0.1:6565 - R:/127.0.0.1:39318] OUTBOUND SETTINGS: ack=true
00:10:15.766 DEBUG [-worker-ELG-3-2] &amp#27;[36mg.n.s.i.g.n.NettyClientHandler&amp#27;[0;39m : [id: 0x4664c579, L:/127.0.0.1:39318 - R:localhost/127.0.0.1:6565] OUTBOUND SETTINGS: ack=true
00:10:15.767 DEBUG [-worker-ELG-3-3] &amp#27;[36mg.n.s.i.g.n.NettyServerHandler&amp#27;[0;39m : [id: 0x21ec5033, L:/127.0.0.1:6565 - R:/127.0.0.1:39318] INBOUND WINDOW_UPDATE: streamId=0 windowSizeIncrement=983041
00:10:15.783 DEBUG [-worker-ELG-3-2] &amp#27;[36mg.n.s.i.g.n.NettyClientHandler&amp#27;[0;39m : [id: 0x4664c579, L:/127.0.0.1:39318 - R:localhost/127.0.0.1:6565] INBOUND WINDOW_UPDATE: streamId=0 windowSizeIncrement=983041
00:10:15.783 DEBUG [-worker-ELG-3-3] &amp#27;[36mg.n.s.i.g.n.NettyServerHandler&amp#27;[0;39m : [id: 0x21ec5033, L:/127.0.0.1:6565 - R:/127.0.0.1:39318] INBOUND SETTINGS: ack=true
00:10:15.783 DEBUG [-worker-ELG-3-2] &amp#27;[36mg.n.s.i.g.n.NettyClientHandler&amp#27;[0;39m : [id: 0x4664c579, L:/127.0.0.1:39318 - R:localhost/127.0.0.1:6565] INBOUND SETTINGS: ack=true
00:10:15.803 DEBUG [-worker-ELG-3-2] &amp#27;[36mg.n.s.i.g.n.NettyClientHandler&amp#27;[0;39m : [id: 0x4664c579, L:/127.0.0.1:39318 - R:localhost/127.0.0.1:6565] OUTBOUND HEADERS: streamId=3 headers=GrpcHttp2OutboundHeaders[:authority: localhost:6565, :path: /sec06.BankService/GetAccountBalance, :method: POST, :scheme: http, content-type: application/grpc, te: trailers, user-agent: grpc-java-netty/1.65.0, grpc-accept-encoding: gzip] streamDependency=0 weight=16 exclusive=false padding=0 endStream=false
00:10:15.820 DEBUG [-worker-ELG-3-2] &amp#27;[36mg.n.s.i.g.n.NettyClientHandler&amp#27;[0;39m : [id: 0x4664c579, L:/127.0.0.1:39318 - R:localhost/127.0.0.1:6565] OUTBOUND DATA: streamId=3 padding=0 endStream=true length=7 bytes=00000000020801
00:10:15.830 DEBUG [-worker-ELG-3-3] &amp#27;[36mg.n.s.i.g.n.NettyServerHandler&amp#27;[0;39m : [id: 0x21ec5033, L:/127.0.0.1:6565 - R:/127.0.0.1:39318] INBOUND HEADERS: streamId=3 headers=GrpcHttp2RequestHeaders[:path: /sec06.BankService/GetAccountBalance, :authority: localhost:6565, :method: POST, :scheme: http, te: trailers, content-type: application/grpc, user-agent: grpc-java-netty/1.65.0, grpc-accept-encoding: gzip] streamDependency=0 weight=16 exclusive=false padding=0 endStream=false
00:10:15.839 DEBUG [-worker-ELG-3-3] &amp#27;[36mg.n.s.i.g.n.NettyServerHandler&amp#27;[0;39m : [id: 0x21ec5033, L:/127.0.0.1:6565 - R:/127.0.0.1:39318] INBOUND DATA: streamId=3 padding=0 endStream=true length=7 bytes=00000000020801
00:10:15.839 DEBUG [-worker-ELG-3-3] &amp#27;[36mg.n.s.i.g.n.NettyServerHandler&amp#27;[0;39m : [id: 0x21ec5033, L:/127.0.0.1:6565 - R:/127.0.0.1:39318] OUTBOUND PING: ack=false bytes=1234
00:10:15.841 DEBUG [-worker-ELG-3-2] &amp#27;[36mg.n.s.i.g.n.NettyClientHandler&amp#27;[0;39m : [id: 0x4664c579, L:/127.0.0.1:39318 - R:localhost/127.0.0.1:6565] INBOUND PING: ack=false bytes=1234
00:10:15.841 DEBUG [-worker-ELG-3-2] &amp#27;[36mg.n.s.i.g.n.NettyClientHandler&amp#27;[0;39m : [id: 0x4664c579, L:/127.0.0.1:39318 - R:localhost/127.0.0.1:6565] OUTBOUND PING: ack=true bytes=1234
00:10:15.842 DEBUG [-worker-ELG-3-3] &amp#27;[36mg.n.s.i.g.n.NettyServerHandler&amp#27;[0;39m : [id: 0x21ec5033, L:/127.0.0.1:6565 - R:/127.0.0.1:39318] INBOUND PING: ack=true bytes=1234
00:10:15.862 DEBUG [-worker-ELG-3-3] &amp#27;[36mg.n.s.i.g.n.NettyServerHandler&amp#27;[0;39m : [id: 0x21ec5033, L:/127.0.0.1:6565 - R:/127.0.0.1:39318] OUTBOUND HEADERS: streamId=3 headers=GrpcHttp2OutboundHeaders[:status: 200, content-type: application/grpc, grpc-encoding: identity, grpc-accept-encoding: gzip] padding=0 endStream=false
00:10:15.864 DEBUG [-worker-ELG-3-3] &amp#27;[36mg.n.s.i.g.n.NettyServerHandler&amp#27;[0;39m : [id: 0x21ec5033, L:/127.0.0.1:6565 - R:/127.0.0.1:39318] OUTBOUND DATA: streamId=3 padding=0 endStream=false length=9 bytes=000000000408011064
00:10:15.865 DEBUG [-worker-ELG-3-3] &amp#27;[36mg.n.s.i.g.n.NettyServerHandler&amp#27;[0;39m : [id: 0x21ec5033, L:/127.0.0.1:6565 - R:/127.0.0.1:39318] OUTBOUND HEADERS: streamId=3 headers=GrpcHttp2OutboundHeaders[grpc-status: 0] padding=0 endStream=true
00:10:15.867 DEBUG [-worker-ELG-3-2] &amp#27;[36mg.n.s.i.g.n.NettyClientHandler&amp#27;[0;39m : [id: 0x4664c579, L:/127.0.0.1:39318 - R:localhost/127.0.0.1:6565] INBOUND HEADERS: streamId=3 headers=GrpcHttp2ResponseHeaders[:status: 200, content-type: application/grpc, grpc-encoding: identity, grpc-accept-encoding: gzip] padding=0 endStream=false
00:10:15.870 DEBUG [-worker-ELG-3-2] &amp#27;[36mg.n.s.i.g.n.NettyClientHandler&amp#27;[0;39m : [id: 0x4664c579, L:/127.0.0.1:39318 - R:localhost/127.0.0.1:6565] INBOUND DATA: streamId=3 padding=0 endStream=false length=9 bytes=000000000408011064
00:10:15.870 DEBUG [-worker-ELG-3-2] &amp#27;[36mg.n.s.i.g.n.NettyClientHandler&amp#27;[0;39m : [id: 0x4664c579, L:/127.0.0.1:39318 - R:localhost/127.0.0.1:6565] OUTBOUND PING: ack=false bytes=1234
00:10:15.871 DEBUG [-worker-ELG-3-2] &amp#27;[36mg.n.s.i.g.n.NettyClientHandler&amp#27;[0;39m : [id: 0x4664c579, L:/127.0.0.1:39318 - R:localhost/127.0.0.1:6565] INBOUND HEADERS: streamId=3 headers=GrpcHttp2ResponseHeaders[grpc-status: 0] padding=0 endStream=true
00:10:15.875 DEBUG [-worker-ELG-3-3] &amp#27;[36mg.n.s.i.g.n.NettyServerHandler&amp#27;[0;39m : [id: 0x21ec5033, L:/127.0.0.1:6565 - R:/127.0.0.1:39318] INBOUND PING: ack=false bytes=1234
00:10:15.875 DEBUG [-worker-ELG-3-3] &amp#27;[36mg.n.s.i.g.n.NettyServerHandler&amp#27;[0;39m : [id: 0x21ec5033, L:/127.0.0.1:6565 - R:/127.0.0.1:39318] OUTBOUND PING: ack=true bytes=1234
00:10:15.875 DEBUG [-worker-ELG-3-2] &amp#27;[36mg.n.s.i.g.n.NettyClientHandler&amp#27;[0;39m : [id: 0x4664c579, L:/127.0.0.1:39318 - R:localhost/127.0.0.1:6565] INBOUND PING: ack=true bytes=1234
00:10:15.874 INFO  [           main] &amp#27;[36ms.Lec01UnaryBlockingClientTest&amp#27;[0;39m : unary balance received: account_number: 1
balance: 100

]]></system-out>
  </testcase>
  <testcase name="allAccountTest" classname="sec06.Lec01UnaryBlockingClientTest" time="0.019">
    <system-out><![CDATA[00:10:15.988 DEBUG [-worker-ELG-3-2] &amp#27;[36mg.n.s.i.g.n.NettyClientHandler&amp#27;[0;39m : [id: 0x4664c579, L:/127.0.0.1:39318 - R:localhost/127.0.0.1:6565] OUTBOUND HEADERS: streamId=5 headers=GrpcHttp2OutboundHeaders[:authority: localhost:6565, :path: /sec06.BankService/GetAllAcount, :method: POST, :scheme: http, content-type: application/grpc, te: trailers, user-agent: grpc-java-netty/1.65.0, grpc-accept-encoding: gzip] streamDependency=0 weight=16 exclusive=false padding=0 endStream=false
00:10:15.988 DEBUG [-worker-ELG-3-2] &amp#27;[36mg.n.s.i.g.n.NettyClientHandler&amp#27;[0;39m : [id: 0x4664c579, L:/127.0.0.1:39318 - R:localhost/127.0.0.1:6565] OUTBOUND DATA: streamId=5 padding=0 endStream=true length=5 bytes=0000000000
00:10:15.989 DEBUG [-worker-ELG-3-3] &amp#27;[36mg.n.s.i.g.n.NettyServerHandler&amp#27;[0;39m : [id: 0x21ec5033, L:/127.0.0.1:6565 - R:/127.0.0.1:39318] INBOUND HEADERS: streamId=5 headers=GrpcHttp2RequestHeaders[:path: /sec06.BankService/GetAllAcount, :authority: localhost:6565, :method: POST, :scheme: http, te: trailers, content-type: application/grpc, user-agent: grpc-java-netty/1.65.0, grpc-accept-encoding: gzip] streamDependency=0 weight=16 exclusive=false padding=0 endStream=false
00:10:15.990 DEBUG [-worker-ELG-3-3] &amp#27;[36mg.n.s.i.g.n.NettyServerHandler&amp#27;[0;39m : [id: 0x21ec5033, L:/127.0.0.1:6565 - R:/127.0.0.1:39318] INBOUND DATA: streamId=5 padding=0 endStream=true length=5 bytes=0000000000
00:10:15.999 DEBUG [-worker-ELG-3-3] &amp#27;[36mg.n.s.i.g.n.NettyServerHandler&amp#27;[0;39m : [id: 0x21ec5033, L:/127.0.0.1:6565 - R:/127.0.0.1:39318] OUTBOUND HEADERS: streamId=5 headers=GrpcHttp2OutboundHeaders[:status: 200, content-type: application/grpc, grpc-encoding: identity, grpc-accept-encoding: gzip] padding=0 endStream=false
00:10:16.000 DEBUG [-worker-ELG-3-3] &amp#27;[36mg.n.s.i.g.n.NettyServerHandler&amp#27;[0;39m : [id: 0x21ec5033, L:/127.0.0.1:6565 - R:/127.0.0.1:39318] OUTBOUND DATA: streamId=5 padding=0 endStream=false length=65 bytes=000000003c0a04080110640a04080210640a04080310640a04080410640a04080510640a04080610640a04080710640a04080810640a04080910640a04080a10...
00:10:16.000 DEBUG [-worker-ELG-3-3] &amp#27;[36mg.n.s.i.g.n.NettyServerHandler&amp#27;[0;39m : [id: 0x21ec5033, L:/127.0.0.1:6565 - R:/127.0.0.1:39318] OUTBOUND HEADERS: streamId=5 headers=GrpcHttp2OutboundHeaders[grpc-status: 0] padding=0 endStream=true
00:10:16.001 DEBUG [-worker-ELG-3-2] &amp#27;[36mg.n.s.i.g.n.NettyClientHandler&amp#27;[0;39m : [id: 0x4664c579, L:/127.0.0.1:39318 - R:localhost/127.0.0.1:6565] INBOUND HEADERS: streamId=5 headers=GrpcHttp2ResponseHeaders[:status: 200, content-type: application/grpc, grpc-encoding: identity, grpc-accept-encoding: gzip] padding=0 endStream=false
00:10:16.002 DEBUG [-worker-ELG-3-2] &amp#27;[36mg.n.s.i.g.n.NettyClientHandler&amp#27;[0;39m : [id: 0x4664c579, L:/127.0.0.1:39318 - R:localhost/127.0.0.1:6565] INBOUND DATA: streamId=5 padding=0 endStream=false length=65 bytes=000000003c0a04080110640a04080210640a04080310640a04080410640a04080510640a04080610640a04080710640a04080810640a04080910640a04080a10...
00:10:16.002 DEBUG [-worker-ELG-3-2] &amp#27;[36mg.n.s.i.g.n.NettyClientHandler&amp#27;[0;39m : [id: 0x4664c579, L:/127.0.0.1:39318 - R:localhost/127.0.0.1:6565] INBOUND HEADERS: streamId=5 headers=GrpcHttp2ResponseHeaders[grpc-status: 0] padding=0 endStream=true
00:10:16.003 INFO  [           main] &amp#27;[36ms.Lec01UnaryBlockingClientTest&amp#27;[0;39m : all accounts: 10
]]></system-out>
  </testcase>
</testsuite>