<?xml version="1.0" encoding="UTF-8"?>
<testsuite xmlns:xsi="http://www.w3.org/2001/XMLSchema-instance" xsi:noNamespaceSchemaLocation="https://maven.apache.org/surefire/maven-surefire-plugin/xsd/surefire-test-report.xsd" version="3.0.2" name="sec11.Lec01UnaryDeadLineTest" time="10.068" tests="1" errors="1" skipped="0" failures="0">
  <properties>
    <property name="java.specification.version" value="17"/>
    <property name="sun.jnu.encoding" value="UTF-8"/>
    <property name="java.class.path" value="/media/john/Nuevo vol/IdeaProjects/grpc/grpc-playground/target/test-classes:/media/john/Nuevo vol/IdeaProjects/grpc/grpc-playground/target/classes:/home/john/.m2/repository/io/grpc/grpc-netty-shaded/1.65.0/grpc-netty-shaded-1.65.0.jar:/home/john/.m2/repository/io/grpc/grpc-util/1.65.0/grpc-util-1.65.0.jar:/home/john/.m2/repository/org/codehaus/mojo/animal-sniffer-annotations/1.23/animal-sniffer-annotations-1.23.jar:/home/john/.m2/repository/io/grpc/grpc-core/1.65.0/grpc-core-1.65.0.jar:/home/john/.m2/repository/com/google/code/gson/gson/2.10.1/gson-2.10.1.jar:/home/john/.m2/repository/com/google/android/annotations/4.1.1.4/annotations-4.1.1.4.jar:/home/john/.m2/repository/io/grpc/grpc-context/1.65.0/grpc-context-1.65.0.jar:/home/john/.m2/repository/com/google/guava/guava/32.1.3-android/guava-32.1.3-android.jar:/home/john/.m2/repository/com/google/guava/failureaccess/1.0.1/failureaccess-1.0.1.jar:/home/john/.m2/repository/com/google/guava/listenablefuture/9999.0-empty-to-avoid-conflict-with-guava/listenablefuture-9999.0-empty-to-avoid-conflict-with-guava.jar:/home/john/.m2/repository/org/checkerframework/checker-qual/3.37.0/checker-qual-3.37.0.jar:/home/john/.m2/repository/com/google/j2objc/j2objc-annotations/2.8/j2objc-annotations-2.8.jar:/home/john/.m2/repository/com/google/errorprone/error_prone_annotations/2.23.0/error_prone_annotations-2.23.0.jar:/home/john/.m2/repository/io/perfmark/perfmark-api/0.26.0/perfmark-api-0.26.0.jar:/home/john/.m2/repository/io/grpc/grpc-api/1.65.0/grpc-api-1.65.0.jar:/home/john/.m2/repository/io/grpc/grpc-protobuf/1.65.0/grpc-protobuf-1.65.0.jar:/home/john/.m2/repository/com/google/code/findbugs/jsr305/3.0.2/jsr305-3.0.2.jar:/home/john/.m2/repository/com/google/protobuf/protobuf-java/3.25.1/protobuf-java-3.25.1.jar:/home/john/.m2/repository/com/google/api/grpc/proto-google-common-protos/2.29.0/proto-google-common-protos-2.29.0.jar:/home/john/.m2/repository/io/grpc/grpc-protobuf-lite/1.65.0/grpc-protobuf-lite-1.65.0.jar:/home/john/.m2/repository/io/grpc/grpc-stub/1.65.0/grpc-stub-1.65.0.jar:/home/john/.m2/repository/org/apache/tomcat/annotations-api/6.0.53/annotations-api-6.0.53.jar:/home/john/.m2/repository/ch/qos/logback/logback-classic/1.5.6/logback-classic-1.5.6.jar:/home/john/.m2/repository/ch/qos/logback/logback-core/1.5.6/logback-core-1.5.6.jar:/home/john/.m2/repository/org/slf4j/slf4j-api/2.0.13/slf4j-api-2.0.13.jar:/home/john/.m2/repository/com/fasterxml/jackson/core/jackson-databind/2.17.2/jackson-databind-2.17.2.jar:/home/john/.m2/repository/com/fasterxml/jackson/core/jackson-annotations/2.17.2/jackson-annotations-2.17.2.jar:/home/john/.m2/repository/com/fasterxml/jackson/core/jackson-core/2.17.2/jackson-core-2.17.2.jar:/home/john/.m2/repository/org/junit/jupiter/junit-jupiter-engine/5.10.3/junit-jupiter-engine-5.10.3.jar:/home/john/.m2/repository/org/junit/platform/junit-platform-engine/1.10.3/junit-platform-engine-1.10.3.jar:/home/john/.m2/repository/org/opentest4j/opentest4j/1.3.0/opentest4j-1.3.0.jar:/home/john/.m2/repository/org/junit/platform/junit-platform-commons/1.10.3/junit-platform-commons-1.10.3.jar:/home/john/.m2/repository/org/junit/jupiter/junit-jupiter-api/5.10.3/junit-jupiter-api-5.10.3.jar:/home/john/.m2/repository/org/apiguardian/apiguardian-api/1.1.2/apiguardian-api-1.1.2.jar:/home/john/.m2/repository/org/junit/jupiter/junit-jupiter-params/5.10.3/junit-jupiter-params-5.10.3.jar:"/>
    <property name="java.vm.vendor" value="Microsoft"/>
    <property name="sun.arch.data.model" value="64"/>
    <property name="java.vendor.url" value="https://www.microsoft.com"/>
    <property name="user.timezone" value="America/Bogota"/>
    <property name="os.name" value="Linux"/>
    <property name="java.vm.specification.version" value="17"/>
    <property name="sun.java.launcher" value="SUN_STANDARD"/>
    <property name="user.country" value="ES"/>
    <property name="sun.boot.library.path" value="/home/john/.jdks/ms-17.0.15/lib"/>
    <property name="sun.java.command" value="/media/john/Nuevo vol/IdeaProjects/grpc/grpc-playground/target/surefire/surefirebooter-20250711001013983_3.jar /media/john/Nuevo vol/IdeaProjects/grpc/grpc-playground/target/surefire 2025-07-11T00-10-13_682-jvmRun1 surefire-20250711001013983_1tmp surefire_0-20250711001013983_2tmp"/>
    <property name="jdk.debug" value="release"/>
    <property name="surefire.test.class.path" value="/media/john/Nuevo vol/IdeaProjects/grpc/grpc-playground/target/test-classes:/media/john/Nuevo vol/IdeaProjects/grpc/grpc-playground/target/classes:/home/john/.m2/repository/io/grpc/grpc-netty-shaded/1.65.0/grpc-netty-shaded-1.65.0.jar:/home/john/.m2/repository/io/grpc/grpc-util/1.65.0/grpc-util-1.65.0.jar:/home/john/.m2/repository/org/codehaus/mojo/animal-sniffer-annotations/1.23/animal-sniffer-annotations-1.23.jar:/home/john/.m2/repository/io/grpc/grpc-core/1.65.0/grpc-core-1.65.0.jar:/home/john/.m2/repository/com/google/code/gson/gson/2.10.1/gson-2.10.1.jar:/home/john/.m2/repository/com/google/android/annotations/4.1.1.4/annotations-4.1.1.4.jar:/home/john/.m2/repository/io/grpc/grpc-context/1.65.0/grpc-context-1.65.0.jar:/home/john/.m2/repository/com/google/guava/guava/32.1.3-android/guava-32.1.3-android.jar:/home/john/.m2/repository/com/google/guava/failureaccess/1.0.1/failureaccess-1.0.1.jar:/home/john/.m2/repository/com/google/guava/listenablefuture/9999.0-empty-to-avoid-conflict-with-guava/listenablefuture-9999.0-empty-to-avoid-conflict-with-guava.jar:/home/john/.m2/repository/org/checkerframework/checker-qual/3.37.0/checker-qual-3.37.0.jar:/home/john/.m2/repository/com/google/j2objc/j2objc-annotations/2.8/j2objc-annotations-2.8.jar:/home/john/.m2/repository/com/google/errorprone/error_prone_annotations/2.23.0/error_prone_annotations-2.23.0.jar:/home/john/.m2/repository/io/perfmark/perfmark-api/0.26.0/perfmark-api-0.26.0.jar:/home/john/.m2/repository/io/grpc/grpc-api/1.65.0/grpc-api-1.65.0.jar:/home/john/.m2/repository/io/grpc/grpc-protobuf/1.65.0/grpc-protobuf-1.65.0.jar:/home/john/.m2/repository/com/google/code/findbugs/jsr305/3.0.2/jsr305-3.0.2.jar:/home/john/.m2/repository/com/google/protobuf/protobuf-java/3.25.1/protobuf-java-3.25.1.jar:/home/john/.m2/repository/com/google/api/grpc/proto-google-common-protos/2.29.0/proto-google-common-protos-2.29.0.jar:/home/john/.m2/repository/io/grpc/grpc-protobuf-lite/1.65.0/grpc-protobuf-lite-1.65.0.jar:/home/john/.m2/repository/io/grpc/grpc-stub/1.65.0/grpc-stub-1.65.0.jar:/home/john/.m2/repository/org/apache/tomcat/annotations-api/6.0.53/annotations-api-6.0.53.jar:/home/john/.m2/repository/ch/qos/logback/logback-classic/1.5.6/logback-classic-1.5.6.jar:/home/john/.m2/repository/ch/qos/logback/logback-core/1.5.6/logback-core-1.5.6.jar:/home/john/.m2/repository/org/slf4j/slf4j-api/2.0.13/slf4j-api-2.0.13.jar:/home/john/.m2/repository/com/fasterxml/jackson/core/jackson-databind/2.17.2/jackson-databind-2.17.2.jar:/home/john/.m2/repository/com/fasterxml/jackson/core/jackson-annotations/2.17.2/jackson-annotations-2.17.2.jar:/home/john/.m2/repository/com/fasterxml/jackson/core/jackson-core/2.17.2/jackson-core-2.17.2.jar:/home/john/.m2/repository/org/junit/jupiter/junit-jupiter-engine/5.10.3/junit-jupiter-engine-5.10.3.jar:/home/john/.m2/repository/org/junit/platform/junit-platform-engine/1.10.3/junit-platform-engine-1.10.3.jar:/home/john/.m2/repository/org/opentest4j/opentest4j/1.3.0/opentest4j-1.3.0.jar:/home/john/.m2/repository/org/junit/platform/junit-platform-commons/1.10.3/junit-platform-commons-1.10.3.jar:/home/john/.m2/repository/org/junit/jupiter/junit-jupiter-api/5.10.3/junit-jupiter-api-5.10.3.jar:/home/john/.m2/repository/org/apiguardian/apiguardian-api/1.1.2/apiguardian-api-1.1.2.jar:/home/john/.m2/repository/org/junit/jupiter/junit-jupiter-params/5.10.3/junit-jupiter-params-5.10.3.jar:"/>
    <property name="sun.cpu.endian" value="little"/>
    <property name="user.home" value="/home/john"/>
    <property name="user.language" value="es"/>
    <property name="java.specification.vendor" value="Oracle Corporation"/>
    <property name="java.version.date" value="2025-04-15"/>
    <property name="java.home" value="/home/john/.jdks/ms-17.0.15"/>
    <property name="file.separator" value="/"/>
    <property name="basedir" value="/media/john/Nuevo vol/IdeaProjects/grpc/grpc-playground"/>
    <property name="java.vm.compressedOopsMode" value="Zero based"/>
    <property name="line.separator" value="&#10;"/>
    <property name="java.specification.name" value="Java Platform API Specification"/>
    <property name="java.vm.specification.vendor" value="Oracle Corporation"/>
    <property name="surefire.real.class.path" value="/media/john/Nuevo vol/IdeaProjects/grpc/grpc-playground/target/surefire/surefirebooter-20250711001013983_3.jar"/>
    <property name="sun.management.compiler" value="HotSpot 64-Bit Tiered Compilers"/>
    <property name="java.runtime.version" value="17.0.15+6-LTS"/>
    <property name="user.name" value="john"/>
    <property name="path.separator" value=":"/>
    <property name="os.version" value="6.11.0-29-generic"/>
    <property name="java.runtime.name" value="OpenJDK Runtime Environment"/>
    <property name="file.encoding" value="UTF-8"/>
    <property name="java.vm.name" value="OpenJDK 64-Bit Server VM"/>
    <property name="java.vendor.version" value="Microsoft-11369869"/>
    <property name="localRepository" value="/home/john/.m2/repository"/>
    <property name="java.vendor.url.bug" value="https://github.com/microsoft/openjdk/issues"/>
    <property name="java.io.tmpdir" value="/tmp"/>
    <property name="idea.version" value="2025.1.2"/>
    <property name="java.version" value="17.0.15"/>
    <property name="user.dir" value="/media/john/Nuevo vol/IdeaProjects/grpc/grpc-playground"/>
    <property name="os.arch" value="amd64"/>
    <property name="java.vm.specification.name" value="Java Virtual Machine Specification"/>
    <property name="native.encoding" value="UTF-8"/>
    <property name="java.library.path" value="/usr/java/packages/lib:/usr/lib64:/lib64:/lib:/usr/lib"/>
    <property name="java.vm.info" value="mixed mode, sharing"/>
    <property name="java.vendor" value="Microsoft"/>
    <property name="java.vm.version" value="17.0.15+6-LTS"/>
    <property name="java.specification.maintenance.version" value="1"/>
    <property name="sun.io.unicode.encoding" value="UnicodeLittle"/>
    <property name="java.class.version" value="61.0"/>
  </properties>
  <testcase name="blockingDeadLineTest" classname="sec11.Lec01UnaryDeadLineTest" time="10.037">
    <error message="DEADLINE_EXCEEDED: CallOptions deadline exceeded after 9.997319553s. Name resolution delay 0.001057755 seconds. [closed=[], open=[[buffered_nanos=9757662, remote_addr=localhost/127.0.0.1:6565]]]" type="io.grpc.StatusRuntimeException"><![CDATA[io.grpc.StatusRuntimeException: DEADLINE_EXCEEDED: CallOptions deadline exceeded after 9.997319553s. Name resolution delay 0.001057755 seconds. [closed=[], open=[[buffered_nanos=9757662, remote_addr=localhost/127.0.0.1:6565]]]
	at io.grpc.stub.ClientCalls.toStatusRuntimeException(ClientCalls.java:268)
	at io.grpc.stub.ClientCalls.getUnchecked(ClientCalls.java:249)
	at io.grpc.stub.ClientCalls.blockingUnaryCall(ClientCalls.java:167)
	at com.grpc.models.sec11.BankServiceGrpc$BankServiceBlockingStub.getAccountBalance(BankServiceGrpc.java:221)
	at sec11.Lec01UnaryDeadLineTest.blockingDeadLineTest(Lec01UnaryDeadLineTest.java:21)
	at java.base/java.lang.reflect.Method.invoke(Method.java:569)
	at java.base/java.util.ArrayList.forEach(ArrayList.java:1511)
	at java.base/java.util.ArrayList.forEach(ArrayList.java:1511)
]]></error>
    <system-out><![CDATA[00:10:16.042 DEBUG [-worker-ELG-3-6] &amp#27;[36mg.n.s.i.g.n.NettyClientHandler&amp#27;[0;39m : [id: 0x1b990cac, L:/127.0.0.1:39328 - R:localhost/127.0.0.1:6565] OUTBOUND SETTINGS: ack=false settings={ENABLE_PUSH=0, MAX_CONCURRENT_STREAMS=0, INITIAL_WINDOW_SIZE=1048576, MAX_HEADER_LIST_SIZE=8192}
00:10:16.043 DEBUG [-worker-ELG-3-7] &amp#27;[36mg.n.s.i.g.n.NettyServerHandler&amp#27;[0;39m : [id: 0x0b3aaf23, L:/127.0.0.1:6565 - R:/127.0.0.1:39328] OUTBOUND SETTINGS: ack=false settings={MAX_CONCURRENT_STREAMS=2147483647, INITIAL_WINDOW_SIZE=1048576, MAX_HEADER_LIST_SIZE=8192}
00:10:16.047 DEBUG [-worker-ELG-3-6] &amp#27;[36mg.n.s.i.g.n.NettyClientHandler&amp#27;[0;39m : [id: 0x1b990cac, L:/127.0.0.1:39328 - R:localhost/127.0.0.1:6565] OUTBOUND WINDOW_UPDATE: streamId=0 windowSizeIncrement=983041
00:10:16.048 DEBUG [-worker-ELG-3-7] &amp#27;[36mg.n.s.i.g.n.NettyServerHandler&amp#27;[0;39m : [id: 0x0b3aaf23, L:/127.0.0.1:6565 - R:/127.0.0.1:39328] OUTBOUND WINDOW_UPDATE: streamId=0 windowSizeIncrement=983041
00:10:16.049 DEBUG [-worker-ELG-3-7] &amp#27;[36mg.n.s.i.g.n.NettyServerHandler&amp#27;[0;39m : [id: 0x0b3aaf23, L:/127.0.0.1:6565 - R:/127.0.0.1:39328] INBOUND SETTINGS: ack=false settings={ENABLE_PUSH=0, MAX_CONCURRENT_STREAMS=0, INITIAL_WINDOW_SIZE=1048576, MAX_HEADER_LIST_SIZE=8192}
00:10:16.049 DEBUG [-worker-ELG-3-7] &amp#27;[36mg.n.s.i.g.n.NettyServerHandler&amp#27;[0;39m : [id: 0x0b3aaf23, L:/127.0.0.1:6565 - R:/127.0.0.1:39328] OUTBOUND SETTINGS: ack=true
00:10:16.050 DEBUG [-worker-ELG-3-6] &amp#27;[36mg.n.s.i.g.n.NettyClientHandler&amp#27;[0;39m : [id: 0x1b990cac, L:/127.0.0.1:39328 - R:localhost/127.0.0.1:6565] INBOUND SETTINGS: ack=false settings={MAX_CONCURRENT_STREAMS=2147483647, INITIAL_WINDOW_SIZE=1048576, MAX_HEADER_LIST_SIZE=8192}
00:10:16.050 DEBUG [-worker-ELG-3-6] &amp#27;[36mg.n.s.i.g.n.NettyClientHandler&amp#27;[0;39m : [id: 0x1b990cac, L:/127.0.0.1:39328 - R:localhost/127.0.0.1:6565] OUTBOUND SETTINGS: ack=true
00:10:16.051 DEBUG [-worker-ELG-3-7] &amp#27;[36mg.n.s.i.g.n.NettyServerHandler&amp#27;[0;39m : [id: 0x0b3aaf23, L:/127.0.0.1:6565 - R:/127.0.0.1:39328] INBOUND WINDOW_UPDATE: streamId=0 windowSizeIncrement=983041
00:10:16.052 DEBUG [-worker-ELG-3-6] &amp#27;[36mg.n.s.i.g.n.NettyClientHandler&amp#27;[0;39m : [id: 0x1b990cac, L:/127.0.0.1:39328 - R:localhost/127.0.0.1:6565] INBOUND WINDOW_UPDATE: streamId=0 windowSizeIncrement=983041
00:10:16.053 DEBUG [-worker-ELG-3-6] &amp#27;[36mg.n.s.i.g.n.NettyClientHandler&amp#27;[0;39m : [id: 0x1b990cac, L:/127.0.0.1:39328 - R:localhost/127.0.0.1:6565] OUTBOUND HEADERS: streamId=3 headers=GrpcHttp2OutboundHeaders[:authority: localhost:6565, :path: /sec11.BankService/GetAccountBalance, :method: POST, :scheme: http, content-type: application/grpc, te: trailers, user-agent: grpc-java-netty/1.65.0, grpc-accept-encoding: gzip, grpc-timeout: 9986627u] streamDependency=0 weight=16 exclusive=false padding=0 endStream=false
00:10:16.055 DEBUG [-worker-ELG-3-6] &amp#27;[36mg.n.s.i.g.n.NettyClientHandler&amp#27;[0;39m : [id: 0x1b990cac, L:/127.0.0.1:39328 - R:localhost/127.0.0.1:6565] OUTBOUND DATA: streamId=3 padding=0 endStream=true length=7 bytes=00000000020801
00:10:16.053 DEBUG [-worker-ELG-3-7] &amp#27;[36mg.n.s.i.g.n.NettyServerHandler&amp#27;[0;39m : [id: 0x0b3aaf23, L:/127.0.0.1:6565 - R:/127.0.0.1:39328] INBOUND SETTINGS: ack=true
00:10:16.056 DEBUG [-worker-ELG-3-6] &amp#27;[36mg.n.s.i.g.n.NettyClientHandler&amp#27;[0;39m : [id: 0x1b990cac, L:/127.0.0.1:39328 - R:localhost/127.0.0.1:6565] INBOUND SETTINGS: ack=true
00:10:16.060 DEBUG [-worker-ELG-3-7] &amp#27;[36mg.n.s.i.g.n.NettyServerHandler&amp#27;[0;39m : [id: 0x0b3aaf23, L:/127.0.0.1:6565 - R:/127.0.0.1:39328] INBOUND HEADERS: streamId=3 headers=GrpcHttp2RequestHeaders[:path: /sec11.BankService/GetAccountBalance, :authority: localhost:6565, :method: POST, :scheme: http, te: trailers, content-type: application/grpc, user-agent: grpc-java-netty/1.65.0, grpc-accept-encoding: gzip, grpc-timeout: 9986627u] streamDependency=0 weight=16 exclusive=false padding=0 endStream=false
00:10:16.061 DEBUG [-worker-ELG-3-7] &amp#27;[36mg.n.s.i.g.n.NettyServerHandler&amp#27;[0;39m : [id: 0x0b3aaf23, L:/127.0.0.1:6565 - R:/127.0.0.1:39328] INBOUND DATA: streamId=3 padding=0 endStream=true length=7 bytes=00000000020801
00:10:16.062 DEBUG [-worker-ELG-3-7] &amp#27;[36mg.n.s.i.g.n.NettyServerHandler&amp#27;[0;39m : [id: 0x0b3aaf23, L:/127.0.0.1:6565 - R:/127.0.0.1:39328] OUTBOUND PING: ack=false bytes=1234
00:10:16.065 DEBUG [-worker-ELG-3-6] &amp#27;[36mg.n.s.i.g.n.NettyClientHandler&amp#27;[0;39m : [id: 0x1b990cac, L:/127.0.0.1:39328 - R:localhost/127.0.0.1:6565] INBOUND PING: ack=false bytes=1234
00:10:16.065 DEBUG [-worker-ELG-3-6] &amp#27;[36mg.n.s.i.g.n.NettyClientHandler&amp#27;[0;39m : [id: 0x1b990cac, L:/127.0.0.1:39328 - R:localhost/127.0.0.1:6565] OUTBOUND PING: ack=true bytes=1234
00:10:16.070 DEBUG [-worker-ELG-3-7] &amp#27;[36mg.n.s.i.g.n.NettyServerHandler&amp#27;[0;39m : [id: 0x0b3aaf23, L:/127.0.0.1:6565 - R:/127.0.0.1:39328] INBOUND PING: ack=true bytes=1234
00:10:26.055 DEBUG [-worker-ELG-3-6] &amp#27;[36mg.n.s.i.g.n.NettyClientHandler&amp#27;[0;39m : [id: 0x1b990cac, L:/127.0.0.1:39328 - R:localhost/127.0.0.1:6565] OUTBOUND RST_STREAM: streamId=3 errorCode=8
00:10:26.060 DEBUG [-worker-ELG-3-7] &amp#27;[36mg.n.s.i.g.n.NettyServerHandler&amp#27;[0;39m : [id: 0x0b3aaf23, L:/127.0.0.1:6565 - R:/127.0.0.1:39328] OUTBOUND RST_STREAM: streamId=3 errorCode=8
00:10:26.061 DEBUG [-worker-ELG-3-6] &amp#27;[36mg.n.s.i.g.n.NettyClientHandler&amp#27;[0;39m : [id: 0x1b990cac, L:/127.0.0.1:39328 - R:localhost/127.0.0.1:6565] INBOUND RST_STREAM: streamId=3 errorCode=8
00:10:26.062 DEBUG [-worker-ELG-3-7] &amp#27;[36mg.n.s.i.g.n.NettyServerHandler&amp#27;[0;39m : [id: 0x0b3aaf23, L:/127.0.0.1:6565 - R:/127.0.0.1:39328] INBOUND RST_STREAM: streamId=3 errorCode=8
]]></system-out>
  </testcase>
</testsuite>